<?xml version="1.0" encoding="UTF-8"?>
<!-- Generated by org.testng.reporters.JUnitReportReporter -->
<testsuite hostname="BF0035470123" failures="0" tests="3" name="com.befreebdms.qa.myprofile.MyHolidayWorking" time="38.490" errors="0" timestamp="2024-09-26T15:47:29 IST" skipped="0">
  <testcase classname="com.befreebdms.qa.myprofile.MyHolidayWorking" name="verifyAddRecordrHolidayWorking" time="12.864"/>
  <testcase classname="com.befreebdms.qa.myprofile.MyHolidayWorking" name="verifyAddRecordForHolidayWorking" time="14.629"/>
  <testcase classname="com.befreebdms.qa.myprofile.MyHolidayWorking" name="verifyDeleteRecordHolidayWorking" time="10.997"/>
</testsuite> <!-- com.befreebdms.qa.myprofile.MyHolidayWorking -->
