<?xml version="1.0" encoding="UTF-8"?>
<!-- Generated by org.testng.reporters.JUnitReportReporter -->
<testsuite hostname="BF0035470123" failures="0" tests="1" name="com.befreebdms.qa.myprofile.MyHolidayWorking" time="31.882" errors="0" timestamp="2024-11-07T10:48:05 IST" skipped="0">
  <testcase classname="com.befreebdms.qa.myprofile.MyHolidayWorking" name="verifyAddRecordForHolidayWorking" time="31.882"/>
</testsuite> <!-- com.befreebdms.qa.myprofile.MyHolidayWorking -->
