<?xml version="1.0" encoding="UTF-8"?>
<!-- Generated by org.testng.reporters.JUnitReportReporter -->
<testsuite hostname="BF0035470123" failures="0" tests="7" name="com.befreebdms.qa.myprofile.TestDataLogins" time="50.103" errors="0" timestamp="2024-09-23T11:03:02 IST" skipped="0">
  <testcase classname="com.befreebdms.qa.myprofile.TestDataLogins" name="firstLoginTest" time="7.510"/>
  <testcase classname="com.befreebdms.qa.myprofile.TestDataLogins" name="firstLoginTest" time="7.319"/>
  <testcase classname="com.befreebdms.qa.myprofile.TestDataLogins" name="firstLoginTest" time="6.616"/>
  <testcase classname="com.befreebdms.qa.myprofile.TestDataLogins" name="firstLoginTest" time="8.275"/>
  <testcase classname="com.befreebdms.qa.myprofile.TestDataLogins" name="firstLoginTest" time="6.925"/>
  <testcase classname="com.befreebdms.qa.myprofile.TestDataLogins" name="firstLoginTest" time="6.612"/>
  <testcase classname="com.befreebdms.qa.myprofile.TestDataLogins" name="firstLoginTest" time="6.846"/>
</testsuite> <!-- com.befreebdms.qa.myprofile.TestDataLogins -->
