<?xml version="1.0" encoding="UTF-8"?>
<!-- Generated by org.testng.reporters.JUnitReportReporter -->
<testsuite hostname="BF0020530413" failures="0" tests="1" name="com.befreebdms.qa.myprofile.MyHolidayWorking" time="15.245" errors="0" timestamp="2024-09-12T17:32:21 IST" skipped="0">
  <testcase classname="com.befreebdms.qa.myprofile.MyHolidayWorking" name="verifyAddRecordForHolidayWorking" time="15.245"/>
</testsuite> <!-- com.befreebdms.qa.myprofile.MyHolidayWorking -->
