<?xml version="1.0" encoding="UTF-8"?>
<!-- Generated by org.testng.reporters.JUnitReportReporter -->
<testsuite hostname="BF0035470123" failures="0" tests="1" name="com.befreebdms.qa.hr.AttendanceSummary" time="11.172" errors="0" timestamp="2025-01-15T11:47:25 IST" skipped="0">
  <testcase classname="com.befreebdms.qa.hr.AttendanceSummary" name="verifyApproveBySecondApproval" time="11.172"/>
</testsuite> <!-- com.befreebdms.qa.hr.AttendanceSummary -->
