<?xml version="1.0" encoding="UTF-8"?>
<!-- Generated by org.testng.reporters.JUnitReportReporter -->
<testsuite hostname="BF0035470123" failures="0" tests="1" name="com.befreebdms.qa.myprofile.MyHolidayWorking" time="10.123" errors="0" timestamp="2024-09-20T15:29:43 IST" skipped="0">
  <testcase classname="com.befreebdms.qa.myprofile.MyHolidayWorking" name="verifyAddRecordForHolidayWorking" time="10.123"/>
</testsuite> <!-- com.befreebdms.qa.myprofile.MyHolidayWorking -->
