<?xml version="1.0" encoding="UTF-8"?>
<!-- Generated by org.testng.reporters.JUnitReportReporter -->
<testsuite hostname="BF0020530413" failures="0" tests="1" name="com.befreebdms.qa.myprofile.MyHolidayWorking" time="15.209" errors="0" timestamp="2024-09-11T11:59:04 IST" skipped="0">
  <testcase classname="com.befreebdms.qa.myprofile.MyHolidayWorking" name="verifyAddRecordForHolidayWorking" time="15.209"/>
</testsuite> <!-- com.befreebdms.qa.myprofile.MyHolidayWorking -->
