<?xml version="1.0" encoding="UTF-8"?>
<!-- Generated by org.testng.reporters.JUnitReportReporter -->
<testsuite hostname="BF0035470123" failures="0" tests="1" name="com.befreebdms.qa.workflow.AddWorksheet" time="69.356" errors="0" timestamp="2024-11-21T14:15:05 IST" skipped="0">
  <testcase classname="com.befreebdms.qa.workflow.AddWorksheet" name="verifyApplicableFlag" time="69.356"/>
</testsuite> <!-- com.befreebdms.qa.workflow.AddWorksheet -->
