<?xml version="1.0" encoding="UTF-8"?>
<!-- Generated by org.testng.reporters.JUnitReportReporter -->
<testsuite hostname="BF0035470123" failures="0" tests="1" name="com.befreebdms.qa.workflow.NoJob" time="16.191" errors="0" timestamp="2024-10-23T10:52:53 IST" skipped="0">
  <testcase classname="com.befreebdms.qa.workflow.NoJob" name="verifyNoJobs" time="16.191"/>
</testsuite> <!-- com.befreebdms.qa.workflow.NoJob -->
