<?xml version="1.0" encoding="UTF-8"?>
<!-- Generated by org.testng.reporters.JUnitReportReporter -->
<testsuite hostname="BF0020530413" failures="0" tests="1" name="com.befreebdms.qa.myprofile.ApplyLeave" time="26.213" errors="0" timestamp="2024-09-13T09:08:17 IST" skipped="0">
  <testcase classname="com.befreebdms.qa.myprofile.ApplyLeave" name="verifyApplyCasualLeave" time="26.213"/>
</testsuite> <!-- com.befreebdms.qa.myprofile.ApplyLeave -->
