<?xml version="1.0" encoding="UTF-8"?>
<!-- Generated by org.testng.reporters.JUnitReportReporter -->
<testsuite hostname="BF0035470123" failures="0" tests="31" name="com.befreebdms.qa.administrator.Designation" time="395.191" errors="1" timestamp="2024-09-15T03:26:17 IST" skipped="4">
  <testcase classname="com.befreebdms.qa.administrator.Designation" name="setUp" time="29.089">
    <error message="element not interactable
  (Session info: chrome=128.0.6613.138)
Build info: version: &#039;4.4.0&#039;, revision: &#039;e5c75ed026a&#039;
System info: host: &#039;BF0035470123&#039;, ip: &#039;10.60.12.31&#039;, os.name: &#039;Windows 11&#039;, os.arch: &#039;amd64&#039;, os.version: &#039;10.0&#039;, java.version: &#039;22.0.2&#039;
Driver info: org.openqa.selenium.chrome.ChromeDriver
Command: [3f074f06f39c1aac0baf8ad338f2f0e0, clickElement {id=f.2BB0F9ACB5F96B82BBAA560E065E5728.d.19D96416F8BB6A881620B7FAE782F3CB.e.90}]
Capabilities {acceptInsecureCerts: false, browserName: chrome, browserVersion: 128.0.6613.138, chrome: {chromedriverVersion: 128.0.6613.137 (fe621c5aa2d..., userDataDir: C:\Users\nagnath.g\AppData\...}, fedcm:accounts: true, goog:chromeOptions: {debuggerAddress: localhost:50313}, networkConnectionEnabled: false, pageLoadStrategy: normal, platformName: WINDOWS, proxy: Proxy(), se:cdp: ws://localhost:50313/devtoo..., se:cdpVersion: 128.0.6613.138, setWindowRect: true, strictFileInteractability: false, timeouts: {implicit: 0, pageLoad: 300000, script: 30000}, unhandledPromptBehavior: dismiss and notify, webauthn:extension:credBlob: true, webauthn:extension:largeBlob: true, webauthn:extension:minPinLength: true, webauthn:extension:prf: true, webauthn:virtualAuthenticators: true}
Element: [[ChromeDriver: chrome on WINDOWS (3f074f06f39c1aac0baf8ad338f2f0e0)] -&gt; xpath: //span[text()=&#039;Designation&#039;]]
Session ID: 3f074f06f39c1aac0baf8ad338f2f0e0" type="org.openqa.selenium.ElementNotInteractableException">
      <![CDATA[org.openqa.selenium.ElementNotInteractableException: element not interactable
  (Session info: chrome=128.0.6613.138)
Build info: version: '4.4.0', revision: 'e5c75ed026a'
System info: host: 'BF0035470123', ip: '10.60.12.31', os.name: 'Windows 11', os.arch: 'amd64', os.version: '10.0', java.version: '22.0.2'
Driver info: org.openqa.selenium.chrome.ChromeDriver
Command: [3f074f06f39c1aac0baf8ad338f2f0e0, clickElement {id=f.2BB0F9ACB5F96B82BBAA560E065E5728.d.19D96416F8BB6A881620B7FAE782F3CB.e.90}]
Capabilities {acceptInsecureCerts: false, browserName: chrome, browserVersion: 128.0.6613.138, chrome: {chromedriverVersion: 128.0.6613.137 (fe621c5aa2d..., userDataDir: C:\Users\nagnath.g\AppData\...}, fedcm:accounts: true, goog:chromeOptions: {debuggerAddress: localhost:50313}, networkConnectionEnabled: false, pageLoadStrategy: normal, platformName: WINDOWS, proxy: Proxy(), se:cdp: ws://localhost:50313/devtoo..., se:cdpVersion: 128.0.6613.138, setWindowRect: true, strictFileInteractability: false, timeouts: {implicit: 0, pageLoad: 300000, script: 30000}, unhandledPromptBehavior: dismiss and notify, webauthn:extension:credBlob: true, webauthn:extension:largeBlob: true, webauthn:extension:minPinLength: true, webauthn:extension:prf: true, webauthn:virtualAuthenticators: true}
Element: [[ChromeDriver: chrome on WINDOWS (3f074f06f39c1aac0baf8ad338f2f0e0)] -> xpath: //span[text()='Designation']]
Session ID: 3f074f06f39c1aac0baf8ad338f2f0e0
at java.base/jdk.internal.reflect.DirectConstructorHandleAccessor.newInstance(DirectConstructorHandleAccessor.java:62)
at java.base/java.lang.reflect.Constructor.newInstanceWithCaller(Constructor.java:502)
at java.base/java.lang.reflect.Constructor.newInstance(Constructor.java:486)
at org.openqa.selenium.remote.ErrorCodec.decode(ErrorCodec.java:167)
at org.openqa.selenium.remote.codec.w3c.W3CHttpResponseCodec.decode(W3CHttpResponseCodec.java:138)
at org.openqa.selenium.remote.codec.w3c.W3CHttpResponseCodec.decode(W3CHttpResponseCodec.java:50)
at org.openqa.selenium.remote.HttpCommandExecutor.execute(HttpCommandExecutor.java:190)
at org.openqa.selenium.remote.service.DriverCommandExecutor.invokeExecute(DriverCommandExecutor.java:216)
at org.openqa.selenium.remote.service.DriverCommandExecutor.execute(DriverCommandExecutor.java:174)
at org.openqa.selenium.remote.RemoteWebDriver.execute(RemoteWebDriver.java:519)
at org.openqa.selenium.remote.RemoteWebElement.execute(RemoteWebElement.java:223)
at org.openqa.selenium.remote.RemoteWebElement.click(RemoteWebElement.java:76)
at com.befreebdms.qa.administrator.Designation.setUp(Designation.java:47)
at java.base/jdk.internal.reflect.DirectMethodHandleAccessor.invoke(DirectMethodHandleAccessor.java:103)
at java.base/java.lang.reflect.Method.invoke(Method.java:580)
at org.testng.internal.invokers.MethodInvocationHelper.invokeMethod(MethodInvocationHelper.java:141)
at org.testng.internal.invokers.MethodInvocationHelper.invokeMethodConsideringTimeout(MethodInvocationHelper.java:71)
at org.testng.internal.invokers.ConfigInvoker.invokeConfigurationMethod(ConfigInvoker.java:400)
at org.testng.internal.invokers.ConfigInvoker.invokeConfigurations(ConfigInvoker.java:333)
at org.testng.internal.invokers.TestInvoker.runConfigMethods(TestInvoker.java:833)
at org.testng.internal.invokers.TestInvoker.invokeMethod(TestInvoker.java:600)
at org.testng.internal.invokers.TestInvoker.invokeTestMethod(TestInvoker.java:230)
at org.testng.internal.invokers.MethodRunner.runInSequence(MethodRunner.java:63)
at org.testng.internal.invokers.TestInvoker$MethodInvocationAgent.invoke(TestInvoker.java:992)
at org.testng.internal.invokers.TestInvoker.invokeTestMethods(TestInvoker.java:203)
at org.testng.internal.invokers.TestMethodWorker.invokeTestMethods(TestMethodWorker.java:154)
at org.testng.internal.invokers.TestMethodWorker.run(TestMethodWorker.java:134)
at java.base/java.util.ArrayList.forEach(ArrayList.java:1597)
at org.testng.TestRunner.privateRun(TestRunner.java:739)
at org.testng.TestRunner.run(TestRunner.java:614)
at org.testng.SuiteRunner.runTest(SuiteRunner.java:421)
at org.testng.SuiteRunner.runSequentially(SuiteRunner.java:413)
at org.testng.SuiteRunner.privateRun(SuiteRunner.java:373)
at org.testng.SuiteRunner.run(SuiteRunner.java:312)
at org.testng.SuiteRunnerWorker.runSuite(SuiteRunnerWorker.java:52)
at org.testng.SuiteRunnerWorker.run(SuiteRunnerWorker.java:95)
at org.testng.TestNG.runSuitesSequentially(TestNG.java:1274)
at org.testng.TestNG.runSuitesLocally(TestNG.java:1208)
at org.testng.TestNG.runSuites(TestNG.java:1112)
at org.testng.TestNG.run(TestNG.java:1079)
at org.testng.remote.AbstractRemoteTestNG.run(AbstractRemoteTestNG.java:115)
at org.testng.remote.RemoteTestNG.initAndRun(RemoteTestNG.java:293)
at org.testng.remote.RemoteTestNG.main(RemoteTestNG.java:91)
]]>
    </error>
  </testcase> <!-- setUp -->
  <testcase classname="com.befreebdms.qa.administrator.Designation" name="verifyGroupManagerRights" time="13.762"/>
  <testcase classname="com.befreebdms.qa.administrator.Designation" name="verifyGroupManagerRights" time="15.022"/>
  <testcase classname="com.befreebdms.qa.administrator.Designation" name="verifyGroupManagerRights" time="22.054"/>
  <testcase classname="com.befreebdms.qa.administrator.Designation" name="verifyGroupManagerRights" time="13.066"/>
  <testcase classname="com.befreebdms.qa.administrator.Designation" name="verifyGroupManagerRights" time="14.624"/>
  <testcase classname="com.befreebdms.qa.administrator.Designation" name="verifyAssociateTechnicalHead" time="16.292"/>
  <testcase classname="com.befreebdms.qa.administrator.Designation" name="verifyAssociateTechnicalHead" time="18.021"/>
  <testcase classname="com.befreebdms.qa.administrator.Designation" name="verifyAssociateTechnicalHead" time="17.864"/>
  <testcase classname="com.befreebdms.qa.administrator.Designation" name="verifyAssociateTechnicalHead" time="16.206"/>
  <testcase classname="com.befreebdms.qa.administrator.Designation" name="verifyAssociateTechnicalHead" time="16.157"/>
  <testcase classname="com.befreebdms.qa.administrator.Designation" name="verifyAssociateReviewLead" time="12.687"/>
  <testcase classname="com.befreebdms.qa.administrator.Designation" name="verifyAssociateReviewLead" time="12.736"/>
  <testcase classname="com.befreebdms.qa.administrator.Designation" name="verifyAssociateReviewLead" time="12.960"/>
  <testcase classname="com.befreebdms.qa.administrator.Designation" name="verifyAssociateReviewLead" time="14.500"/>
  <testcase classname="com.befreebdms.qa.administrator.Designation" name="verifyAssociateReviewLead" time="12.703"/>
  <testcase classname="com.befreebdms.qa.administrator.Designation" name="verifyAssociateQCLead" time="12.157"/>
  <testcase classname="com.befreebdms.qa.administrator.Designation" name="verifyAssociateQCLead" time="12.959"/>
  <testcase classname="com.befreebdms.qa.administrator.Designation" name="verifyAssociateQCLead" time="14.674"/>
  <testcase classname="com.befreebdms.qa.administrator.Designation" name="verifyAssociateQCLead" time="13.081"/>
  <testcase classname="com.befreebdms.qa.administrator.Designation" name="verifyAssociateQCLead" time="14.702"/>
  <testcase classname="com.befreebdms.qa.administrator.Designation" name="verifyTechnicalHead" time="12.795"/>
  <testcase classname="com.befreebdms.qa.administrator.Designation" name="verifyTechnicalHead" time="13.280"/>
  <testcase classname="com.befreebdms.qa.administrator.Designation" name="verifyTechnicalHead" time="12.817"/>
  <testcase classname="com.befreebdms.qa.administrator.Designation" name="verifyTechnicalHead" time="15.600"/>
  <testcase classname="com.befreebdms.qa.administrator.Designation" name="verifyTechnicalHead" time="12.975"/>
  <testcase classname="com.befreebdms.qa.administrator.Designation" name="verifyAssociateQCManager" time="0.000">
    <skipped/>
  </testcase> <!-- verifyAssociateQCManager -->
  <testcase classname="com.befreebdms.qa.administrator.Designation" name="verifyAssociateQCManager" time="0.000">
    <skipped/>
  </testcase> <!-- verifyAssociateQCManager -->
  <testcase classname="com.befreebdms.qa.administrator.Designation" name="verifyAssociateQCManager" time="0.000">
    <skipped/>
  </testcase> <!-- verifyAssociateQCManager -->
  <testcase classname="com.befreebdms.qa.administrator.Designation" name="verifyAssociateQCManager" time="0.001">
    <skipped/>
  </testcase> <!-- verifyAssociateQCManager -->
  <testcase classname="com.befreebdms.qa.administrator.Designation" name="verifyAssociateQCManager" time="2.407"/>
</testsuite> <!-- com.befreebdms.qa.administrator.Designation -->
