<?xml version="1.0" encoding="UTF-8"?>
<!-- Generated by org.testng.reporters.JUnitReportReporter -->
<testsuite hostname="BF0035470123" failures="0" tests="7" name="com.befreebdms.qa.myprofile.TestDataLogins" time="36.337" errors="0" timestamp="2024-09-26T16:27:13 IST" skipped="0">
  <testcase classname="com.befreebdms.qa.myprofile.TestDataLogins" name="PopupHandler" time="5.684"/>
  <testcase classname="com.befreebdms.qa.myprofile.TestDataLogins" name="PopupHandler" time="4.329"/>
  <testcase classname="com.befreebdms.qa.myprofile.TestDataLogins" name="PopupHandler" time="6.654"/>
  <testcase classname="com.befreebdms.qa.myprofile.TestDataLogins" name="PopupHandler" time="4.841"/>
  <testcase classname="com.befreebdms.qa.myprofile.TestDataLogins" name="PopupHandler" time="5.082"/>
  <testcase classname="com.befreebdms.qa.myprofile.TestDataLogins" name="PopupHandler" time="4.721"/>
  <testcase classname="com.befreebdms.qa.myprofile.TestDataLogins" name="PopupHandler" time="5.026"/>
</testsuite> <!-- com.befreebdms.qa.myprofile.TestDataLogins -->
