<?xml version="1.0" encoding="UTF-8"?>
<!-- Generated by org.testng.reporters.JUnitReportReporter -->
<testsuite hostname="BF0020530413" failures="0" tests="4" name="com.befreebdms.qa.myprofile.ApplyLeave" time="83.605" errors="0" timestamp="2024-09-11T11:59:04 IST" skipped="0">
  <testcase classname="com.befreebdms.qa.myprofile.ApplyLeave" name="verifyApplyCasualLeave" time="18.993"/>
  <testcase classname="com.befreebdms.qa.myprofile.ApplyLeave" name="verifyApplyCompOffLeave" time="18.664"/>
  <testcase classname="com.befreebdms.qa.myprofile.ApplyLeave" name="verifyApplySickLeave" time="21.798"/>
  <testcase classname="com.befreebdms.qa.myprofile.ApplyLeave" name="verifyApplyMaternityLeave" time="24.150"/>
</testsuite> <!-- com.befreebdms.qa.myprofile.ApplyLeave -->
