<?xml version="1.0" encoding="UTF-8"?>
<!-- Generated by org.testng.reporters.JUnitReportReporter -->
<testsuite hostname="BF0035470123" failures="0" tests="30" name="com.befreebdms.qa.administrator.Designation" time="398.567" errors="0" timestamp="2024-10-23T10:52:53 IST" skipped="0">
  <testcase classname="com.befreebdms.qa.administrator.Designation" name="verifyGroupManagerRights" time="14.456"/>
  <testcase classname="com.befreebdms.qa.administrator.Designation" name="verifyGroupManagerRights" time="13.930"/>
  <testcase classname="com.befreebdms.qa.administrator.Designation" name="verifyGroupManagerRights" time="16.822"/>
  <testcase classname="com.befreebdms.qa.administrator.Designation" name="verifyGroupManagerRights" time="12.806"/>
  <testcase classname="com.befreebdms.qa.administrator.Designation" name="verifyGroupManagerRights" time="13.894"/>
  <testcase classname="com.befreebdms.qa.administrator.Designation" name="verifyAssociateTechnicalHead" time="17.100"/>
  <testcase classname="com.befreebdms.qa.administrator.Designation" name="verifyAssociateTechnicalHead" time="12.348"/>
  <testcase classname="com.befreebdms.qa.administrator.Designation" name="verifyAssociateTechnicalHead" time="11.401"/>
  <testcase classname="com.befreebdms.qa.administrator.Designation" name="verifyAssociateTechnicalHead" time="11.160"/>
  <testcase classname="com.befreebdms.qa.administrator.Designation" name="verifyAssociateTechnicalHead" time="14.518"/>
  <testcase classname="com.befreebdms.qa.administrator.Designation" name="verifyAssociateReviewLead" time="10.590"/>
  <testcase classname="com.befreebdms.qa.administrator.Designation" name="verifyAssociateReviewLead" time="12.422"/>
  <testcase classname="com.befreebdms.qa.administrator.Designation" name="verifyAssociateReviewLead" time="16.151"/>
  <testcase classname="com.befreebdms.qa.administrator.Designation" name="verifyAssociateReviewLead" time="12.454"/>
  <testcase classname="com.befreebdms.qa.administrator.Designation" name="verifyAssociateReviewLead" time="16.960"/>
  <testcase classname="com.befreebdms.qa.administrator.Designation" name="verifyAssociateQCLead" time="13.640"/>
  <testcase classname="com.befreebdms.qa.administrator.Designation" name="verifyAssociateQCLead" time="12.179"/>
  <testcase classname="com.befreebdms.qa.administrator.Designation" name="verifyAssociateQCLead" time="11.658"/>
  <testcase classname="com.befreebdms.qa.administrator.Designation" name="verifyAssociateQCLead" time="13.318"/>
  <testcase classname="com.befreebdms.qa.administrator.Designation" name="verifyAssociateQCLead" time="13.410"/>
  <testcase classname="com.befreebdms.qa.administrator.Designation" name="verifyTechnicalHead" time="12.575"/>
  <testcase classname="com.befreebdms.qa.administrator.Designation" name="verifyTechnicalHead" time="13.266"/>
  <testcase classname="com.befreebdms.qa.administrator.Designation" name="verifyTechnicalHead" time="11.698"/>
  <testcase classname="com.befreebdms.qa.administrator.Designation" name="verifyTechnicalHead" time="12.619"/>
  <testcase classname="com.befreebdms.qa.administrator.Designation" name="verifyTechnicalHead" time="11.907"/>
  <testcase classname="com.befreebdms.qa.administrator.Designation" name="verifyAssociateQCManager" time="10.733"/>
  <testcase classname="com.befreebdms.qa.administrator.Designation" name="verifyAssociateQCManager" time="15.458"/>
  <testcase classname="com.befreebdms.qa.administrator.Designation" name="verifyAssociateQCManager" time="14.307"/>
  <testcase classname="com.befreebdms.qa.administrator.Designation" name="verifyAssociateQCManager" time="13.054"/>
  <testcase classname="com.befreebdms.qa.administrator.Designation" name="verifyAssociateQCManager" time="11.733"/>
</testsuite> <!-- com.befreebdms.qa.administrator.Designation -->
