<?xml version="1.0" encoding="UTF-8"?>
<!-- Generated by org.testng.reporters.JUnitReportReporter -->
<testsuite hostname="BF0035470123" failures="0" tests="5" name="com.befreebdms.qa.administrator.Designation" time="67.729" errors="0" timestamp="2024-09-26T11:28:13 IST" skipped="0">
  <testcase classname="com.befreebdms.qa.administrator.Designation" name="verifyGroupManagerRights" time="14.191"/>
  <testcase classname="com.befreebdms.qa.administrator.Designation" name="verifyGroupManagerRights" time="13.501"/>
  <testcase classname="com.befreebdms.qa.administrator.Designation" name="verifyGroupManagerRights" time="11.715"/>
  <testcase classname="com.befreebdms.qa.administrator.Designation" name="verifyGroupManagerRights" time="13.161"/>
  <testcase classname="com.befreebdms.qa.administrator.Designation" name="verifyGroupManagerRights" time="15.161"/>
</testsuite> <!-- com.befreebdms.qa.administrator.Designation -->
