<?xml version="1.0" encoding="UTF-8"?>
<!-- Generated by org.testng.reporters.JUnitReportReporter -->
<testsuite hostname="BF0035470123" failures="0" tests="1" name="com.befreebdms.qa.workflow.PendingTicket" time="56.592" errors="0" timestamp="2024-10-07T17:08:20 IST" skipped="0">
  <testcase classname="com.befreebdms.qa.workflow.PendingTicket" name="verifyPendingTicket" time="56.592"/>
</testsuite> <!-- com.befreebdms.qa.workflow.PendingTicket -->
