<?xml version="1.0" encoding="UTF-8"?>
<!-- Generated by org.testng.reporters.JUnitReportReporter -->
<testsuite hostname="BF0035470123" failures="0" tests="3" name="com.befreebdms.qa.myprofile.ApproveAndReject" time="29.064" errors="0" timestamp="2024-10-07T17:08:20 IST" skipped="0">
  <testcase classname="com.befreebdms.qa.myprofile.ApproveAndReject" name="verifyApproveLeave" time="9.886"/>
  <testcase classname="com.befreebdms.qa.myprofile.ApproveAndReject" name="verifyPendingforFirstApproveHolidayWorking" time="10.673"/>
  <testcase classname="com.befreebdms.qa.myprofile.ApproveAndReject" name="verifyPendingforSecondApproveHolidayWorking" time="8.505"/>
</testsuite> <!-- com.befreebdms.qa.myprofile.ApproveAndReject -->
