<?xml version="1.0" encoding="UTF-8"?>
<!-- Generated by org.testng.reporters.JUnitReportReporter -->
<testsuite hostname="BF0035470123" failures="0" tests="30" name="com.befreebdms.qa.administrator.Designation" time="293.824" errors="0" timestamp="2024-10-07T17:08:20 IST" skipped="0">
  <testcase classname="com.befreebdms.qa.administrator.Designation" name="verifyGroupManagerRights" time="9.881"/>
  <testcase classname="com.befreebdms.qa.administrator.Designation" name="verifyGroupManagerRights" time="10.481"/>
  <testcase classname="com.befreebdms.qa.administrator.Designation" name="verifyGroupManagerRights" time="9.572"/>
  <testcase classname="com.befreebdms.qa.administrator.Designation" name="verifyGroupManagerRights" time="11.189"/>
  <testcase classname="com.befreebdms.qa.administrator.Designation" name="verifyGroupManagerRights" time="9.673"/>
  <testcase classname="com.befreebdms.qa.administrator.Designation" name="verifyAssociateTechnicalHead" time="9.213"/>
  <testcase classname="com.befreebdms.qa.administrator.Designation" name="verifyAssociateTechnicalHead" time="9.258"/>
  <testcase classname="com.befreebdms.qa.administrator.Designation" name="verifyAssociateTechnicalHead" time="10.211"/>
  <testcase classname="com.befreebdms.qa.administrator.Designation" name="verifyAssociateTechnicalHead" time="9.180"/>
  <testcase classname="com.befreebdms.qa.administrator.Designation" name="verifyAssociateTechnicalHead" time="11.122"/>
  <testcase classname="com.befreebdms.qa.administrator.Designation" name="verifyAssociateReviewLead" time="10.057"/>
  <testcase classname="com.befreebdms.qa.administrator.Designation" name="verifyAssociateReviewLead" time="9.252"/>
  <testcase classname="com.befreebdms.qa.administrator.Designation" name="verifyAssociateReviewLead" time="9.037"/>
  <testcase classname="com.befreebdms.qa.administrator.Designation" name="verifyAssociateReviewLead" time="9.896"/>
  <testcase classname="com.befreebdms.qa.administrator.Designation" name="verifyAssociateReviewLead" time="9.509"/>
  <testcase classname="com.befreebdms.qa.administrator.Designation" name="verifyAssociateQCLead" time="10.470"/>
  <testcase classname="com.befreebdms.qa.administrator.Designation" name="verifyAssociateQCLead" time="9.924"/>
  <testcase classname="com.befreebdms.qa.administrator.Designation" name="verifyAssociateQCLead" time="10.183"/>
  <testcase classname="com.befreebdms.qa.administrator.Designation" name="verifyAssociateQCLead" time="8.923"/>
  <testcase classname="com.befreebdms.qa.administrator.Designation" name="verifyAssociateQCLead" time="9.017"/>
  <testcase classname="com.befreebdms.qa.administrator.Designation" name="verifyTechnicalHead" time="10.408"/>
  <testcase classname="com.befreebdms.qa.administrator.Designation" name="verifyTechnicalHead" time="9.780"/>
  <testcase classname="com.befreebdms.qa.administrator.Designation" name="verifyTechnicalHead" time="10.037"/>
  <testcase classname="com.befreebdms.qa.administrator.Designation" name="verifyTechnicalHead" time="10.789"/>
  <testcase classname="com.befreebdms.qa.administrator.Designation" name="verifyTechnicalHead" time="10.062"/>
  <testcase classname="com.befreebdms.qa.administrator.Designation" name="verifyAssociateQCManager" time="10.225"/>
  <testcase classname="com.befreebdms.qa.administrator.Designation" name="verifyAssociateQCManager" time="8.697"/>
  <testcase classname="com.befreebdms.qa.administrator.Designation" name="verifyAssociateQCManager" time="9.592"/>
  <testcase classname="com.befreebdms.qa.administrator.Designation" name="verifyAssociateQCManager" time="9.395"/>
  <testcase classname="com.befreebdms.qa.administrator.Designation" name="verifyAssociateQCManager" time="8.791"/>
</testsuite> <!-- com.befreebdms.qa.administrator.Designation -->
