<?xml version="1.0" encoding="UTF-8"?>
<!-- Generated by org.testng.reporters.JUnitReportReporter -->
<testsuite hostname="BF0035470123" failures="0" tests="1" name="com.befreebdms.qa.myprofile.MyHolidayWorking" time="12.820" errors="0" timestamp="2024-09-19T05:39:45 IST" skipped="0">
  <testcase classname="com.befreebdms.qa.myprofile.MyHolidayWorking" name="verifyAddRecordForHolidayWorking" time="12.820"/>
</testsuite> <!-- com.befreebdms.qa.myprofile.MyHolidayWorking -->
